<?xml version="1.0" encoding="UTF-8"?>
<testsuite xmlns:xsi="http://www.w3.org/2001/XMLSchema-instance" xsi:noNamespaceSchemaLocation="https://maven.apache.org/surefire/maven-surefire-plugin/xsd/surefire-test-report-3.0.xsd" version="3.0" name="Geeks.languagecenterapp.LanguageCenterAppApplicationTests" time="46.075" tests="1" errors="0" skipped="0" failures="0">
  <properties>
[...]
</properties>
  <testcase name="contextLoads" classname="Geeks.languagecenterapp.LanguageCenterAppApplicationTests" time="2.247">
    <system-out><![CDATA[05:12:02.525 [main] INFO org.springframework.test.context.support.AnnotationConfigContextLoaderUtils -- Could not detect default configuration classes for test class [Geeks.languagecenterapp.LanguageCenterAppApplicationTests]: LanguageCenterAppApplicationTests does not declare any static, non-private, non-final, nested classes annotated with @Configuration.
05:12:03.392 [main] INFO org.springframework.boot.test.context.SpringBootTestContextBootstrapper -- Found @SpringBootConfiguration Geeks.languagecenterapp.LanguageCenterAppApplication for test class Geeks.languagecenterapp.LanguageCenterAppApplicationTests
   
                               .......
                      .....^!?Y55YYYY5P5J~.
                   .::~!?YGGBBPYJJ5PGGBGP5YJ!:.
                .:^!7YPBBG5JJJJ?JPGGGGGGGGPGBJ!!: .~^
              .~!7JPGP5YJ?7JPPJ5GBGGGP555PGGBP^7G~. .
             ~JY5GGP5PPGP5GGBPGGGP55PPYJ77JGGBY!GY?
          .^~!YP5YJJYPGGGPPPP5PP5YP55J?!:..~BBG7JGP.^...
         :!!?PGG5?7?JY5PGGGGGGPP55PPGPGPY!.:GBG!7J~~~~~^
         :^!YP55PPGGGBBBBBBBBBBBBBBBBBBBBGJ!PPJ^:^^!?J~?:
       .:~!YPP55GGGGGBBBBBBBBBBBBBBBBBBBBBBP5J!^^~!?5Y!?~
    .:!??JPBGPGGPPGGGBBBBBBBBBBBBBBBBBBBBBBGJ7~^~7?Y5YJ!:
  .:~?J?YGBGPPGGGPGGGBBBBBBBBBBBBBB#BBBBBBBGP!.:~7JJ?7!:.
.:~?YYJYPGGPPGGGPGGG5YY5PPGBBBBBBBBB#BBBBGGPP5!..^!?7~:.
~7J5555G##PY555PP5??Y55YYJ77?JBBBBBBBP?!^^~~~7J7^::!JYJ!:
YPGBBBBB#GJJJ?JJ?7YPBGGGGGPYJJ5B##BPY!^~7YPP5J~~!7:.~!7??7^.
BB#BGGGGB5?7!7?77?JJYPB##BBGPY5BB#B5~!PB&&BG5J7:::~~?YJJ?7~:
GBGGGGGGP5J?JJ????7!~::...!7YBGBB##GYGJ7~::^^:. ::.~5B##BPJ?
PPGBBBGGGP555YJYPGG57^^!J5G##BBBB###GGB#GJ~. .~!~~  7GB#BBPJ
PGBB#BBGG5Y5PYYPGBBB#########BBGYPBB5?B#&&&#BPPP7~!~G&##GB#B
GGPPP5J7???5PJ?Y5PGBBB#######P5!. ::  Y######BG5!~?7G&&#BGBG
BBGPPY7~7?JP5?~7J5PGGBB###BBBGJ?Y5?~.:!#&&##BG5?^~P5?B&&PJPB
G#B#BG5YJJY5YY~~?Y55PPGBGBB########BBGB####BG57:..^BP5PG7J5~
?PB#####G5YG5Y?!7JY555PGBBBB57!!!7!~~:^!5B#BP?: .: ~?PJ!!^
!!?PB##B#BGPGJ?!7JY55PGGBBBY:.:!?G55J^..:PBG57. .:7!~??:  .
~^:^7YGB##BGGP!~7J5PPGGBBB##GYJJ?YYY7~^!PBBG5!.  :!J?J!.
~:..^~~JGGGPG?..^!Y5PPGGBBBBBBBBP55YJJYPGGGPJ~. .:~~..
~~!77!~~7??^^.   .:!J5PGBBBBB##&&&&&&###BG5J^   ~^^       ..
5GBGYY~...:^!       .:~?YPGGB##&&&&####BP7^.    .   :~:. .^.
5GB#BJ.:    ~            .::~7??JJ?7?77~.          .^~:...
PP5J~..^    ^   .                                  .
...::~7:::.7J!  .:
..:^!7?JJ!JPGPJ: !~.                           .~^.
    .... .7~?!?~.~?!:.                         ^55Y.
      .::^..... ^7???7^..                      .!:.
               .7YYYYYJ?!~^.
:..........    ~?Y555555YJ?!^.
######B5::..::.Y5PP55PPPP5YJ7~:                    ^!^..
#&&&#BP~^?!Y55JGGBGPPPPPPP55YJ7~..          .J~   7&@@&&#GY?
#&&#B57~?GGG5P5#B##BGGGGGPPPP5YYJ!^:....  ..^##:  :7&@@@@@@@
##G&&P7PPGYPGPG#B####BBBBGGGGGGGP5YYY5PP5?7~JG&P::?^7&@@@@@@
GPB#G77PGGJG#PGBB########BBBBB#BBBBBB##BGPP~P&&P^~~.!G@@@@@@
PGBB?!JY#GYG&PPBB######################B5J?Y&&B57!:.!##@&@@@
GBP57YJG&B5P&GPB#######################GP??B&BGG5?:.JP?&&@@@
B5?Y7PYG&BPP&PGB#######################G57YB#B&GP7:^Y7J&&&&&
P?J5!PYG&BPP&PBB#######################G57YB##&PP7.^Y?Y&&&&&
Y755!PJG&BPP&PBB#######################G57YB##&PP7.^Y?Y&&&&&
Y!YY!PJG&BPP&PGB#######################GP7YB##&PP7.^Y?Y&&&&&
--------------------------------------------------------------
 
                                  .:^~!7???77!~^..
                           .^75B#&@@@@@@@@@@@&&&#BGY7^.
                       .!5#&@@@@@@@@@@@@@@@@@@&&&&###BP?:
                    :?B&&@@@@@@@@@@@@@@@@@@@@@&&&&####BGP7.
                  ~P&&&&&&@@@@@@@@@@@@@@@@@@@@&&&&#GPY?77!~.
                :Y#&&&&&&@@@@@@@@@@@@@@@@@@@@@&#57^..
               ^5##&&&#GPYJ??J5G##&@@@@@@@@&&B?^:.      .:.
              ^YBBGP?^..       .:^!7?G&&@@@&B~.      .~YPGP5?~.
             :7GY^.       ....     :75#&@@@@&BJ^   :?G#&&&&&&BP!
            .!5?    ^?JY5PP5YY?~:   ~5#&@@@@@@P:  .G#BGPP555GBBG!
            .??.  ^G&&&&@@@@&&&#GY!.   7&@@@@@?~^^~7?J7~~~~~~^?G5.
            :7^..7#&&&@@&##BBBBBBB#G!. .P&@@@@BGG^~~.        :.!Y^
            ^!..7B&&&&B?~7JJ7!~!7!~^^!!YB&@@@@@#G7:........:.:^.. .
            :^..7P#&&?.^^.       .:. JB###&@@@@@&&&&&&#BBGBBGBBBG5?:
            .::.!5B&? :      .^!JYJY#&&&#BB&@@@@@&&@@@@@@@@&&&&#BBG57.
             :!::~!^ ^?7?JYPBBBB#&@@@&&&#BG#@@@@@@&&&@@@@@&&&&#BGPPYY7
             :5G?~:~J5GBB#&&&@@@@@@@@@&&&#BB&@@@@@@&&&&&@&&&&&&#GP5YJ?.
             .Y?!G&@@@@@@@@&&@@@@@@@@&&&&#BG&&@@@&&BB&&#JYPGGGGGG5Y?!:
             .J7P&&&&&&&&&&&&&@@@@&B#&&@@#J~?YYYJ7^:^~:^!!^.....::..  !.
              !~G&&&&&&&&&&&&&&&#?..JBPYJ!.           .:B&&#GY7~.    :5
              . ?B#&&&&&&&&&&#P~..?G~^.   .          ?#&&&&&&&&&5    :~
                 ~YPB###BBPY!. ^5&&&#55GB&J           ^P###BBGGP:    ^.
                ..  .^^^:.  :7G&&&&&&&&@&J     :GP~               ..:~
                 ?Y.       .J#&&&&&&&#BY.     ^&@&&B7           .^^.7.
                  ?J          :7YJ!^.         ~!^:......^!7JYPP5?: ~!
                   ^^.   ^~.              ..^~!7JYPGBB#####BP?^.  :?:
                    .!?~.  ^7!^^~!!7?Y5PGB##&&&&&#BBGPJ!~:..  .: .?~
                      :J57.  .:!?YJJ?JJYYYYJ?!~^..     :^~!!!77. 77
                        :J57.             ...        ~PGGGGP5Y~ ~7.
                          :?5J^    .~7JJYY5PPPP~     ~BBBGGPY7.^?:
                            .!YY7:   ^7JY5PPGBBY      :GBGP5J^~J:
                               :7YY7:.:!?Y5PPGGY       ^GGPY?!Y^
                                  :7YY7~!?Y5PPPP^       5PYJ77^
                                    .^?YJ77JYY55Y.      JYJ7~:
                                       .^~~!7?JJY?      7?!^.
                                           .:^~!!!~     :^.
                                                    ...



 
   _  _   ____    ____  _______..______            .___  ___. .______      ________
 _| || |_ \   \  /   / /       ||   _  \           |   \/   | |   _  \    |       /
|_  __  _| \   \/   / |   (----`|  |_)  |          |  \  /  | |  |_)  |   `---/  /
 _| || |_   \_    _/   \   \    |      /           |  |\/|  | |      /       /  /
|_  __  _|    |  | .----)   |   |  |\  \----.      |  |  |  | |  |\  \----. /  /----.
  |_||_|      |__| |_______/    | _| `._____| _____|__|  |__| | _| `._____|/________|
                                             |______|
Powered by Spring Boot 3.2.4
2024-07-22T05:12:06.948+03:00  INFO 35286 --- [           main] G.l.LanguageCenterAppApplicationTests    : Starting LanguageCenterAppApplicationTests using Java 17.0.11 with PID 35286 (started by ghram in /home/ghram/Documents/Github/Language-Center-App)
2024-07-22T05:12:06.960+03:00  INFO 35286 --- [           main] G.l.LanguageCenterAppApplicationTests    : No active profile set, falling back to 1 default profile: "default"
2024-07-22T05:12:11.707+03:00  INFO 35286 --- [           main] .s.d.r.c.RepositoryConfigurationDelegate : Bootstrapping Spring Data JPA repositories in DEFAULT mode.
2024-07-22T05:12:12.712+03:00  INFO 35286 --- [           main] .s.d.r.c.RepositoryConfigurationDelegate : Finished Spring Data repository scanning in 944 ms. Found 30 JPA repository interfaces.
2024-07-22T05:12:16.191+03:00  INFO 35286 --- [           main] o.hibernate.jpa.internal.util.LogHelper  : HHH000204: Processing PersistenceUnitInfo [name: default]
2024-07-22T05:12:16.546+03:00  INFO 35286 --- [           main] org.hibernate.Version                    : HHH000412: Hibernate ORM core version 6.4.4.Final
2024-07-22T05:12:16.729+03:00  INFO 35286 --- [           main] o.h.c.internal.RegionFactoryInitiator    : HHH000026: Second-level cache disabled
2024-07-22T05:12:18.092+03:00  INFO 35286 --- [           main] o.s.o.j.p.SpringPersistenceUnitInfo      : No LoadTimeWeaver setup: ignoring JPA class transformer
2024-07-22T05:12:18.237+03:00  INFO 35286 --- [           main] com.zaxxer.hikari.HikariDataSource       : HikariPool-1 - Starting...
2024-07-22T05:12:19.340+03:00  INFO 35286 --- [           main] com.zaxxer.hikari.pool.HikariPool        : HikariPool-1 - Added connection org.postgresql.jdbc.PgConnection@18e4551
2024-07-22T05:12:19.346+03:00  INFO 35286 --- [           main] com.zaxxer.hikari.HikariDataSource       : HikariPool-1 - Start completed.
2024-07-22T05:12:19.583+03:00  WARN 35286 --- [           main] org.hibernate.orm.deprecation            : HHH90000025: PostgreSQLDialect does not need to be specified explicitly using 'hibernate.dialect' (remove the property setting and it will be selected by default)
2024-07-22T05:12:28.490+03:00  INFO 35286 --- [           main] o.h.e.t.j.p.i.JtaPlatformInitiator       : HHH000489: No JTA platform available (set 'hibernate.transaction.jta.platform' to enable JTA platform integration)
Hibernate: 
    alter table if exists "attendance" 
       drop constraint if exists "FKp3e8hxuc074mt2i945v6kd7lf"
Hibernate: 
    alter table if exists "attendance" 
       drop constraint if exists "FKba3bs1euif759ljcahb1lw4bg"
Hibernate: 
    alter table if exists "book" 
       drop constraint if exists "FKtrnhwvw6bkh0gtbeuj91yxr99"
Hibernate: 
    alter table if exists "book" 
       drop constraint if exists "FK2kieyupfwmkxkegbu2na36jhj"
Hibernate: 
    alter table if exists "chat_room" 
       drop constraint if exists "FKgucur5uc43xyeq87rwmklbs2d"
Hibernate: 
    alter table if exists "course" 
       drop constraint if exists "FKopkavo0ipa5t7nas1eajxo0ot"
Hibernate: 
    alter table if exists "course" 
       drop constraint if exists "FK3byip5akg5wmdwmvi5jlsvk4c"
Hibernate: 
    alter table if exists "course" 
       drop constraint if exists "FK8x36opxbau9pj2ecrfsw5vafh"
Hibernate: 
    alter table if exists "course_day" 
       drop constraint if exists "FKrwe7u77mxva06jx316lwgsbv9"
Hibernate: 
    alter table if exists "course_day" 
       drop constraint if exists "FKqeit4j837dmnjoi2aod571k8d"
Hibernate: 
    alter table if exists "course_image" 
       drop constraint if exists "FKt23rrjuk1p1o7qnmsx4v68p8"
Hibernate: 
    alter table if exists "course_image" 
       drop constraint if exists "FKs0hh9l65p763xgw2j6ukbm6ah"
Hibernate: 
    alter table if exists "course_image" 
       drop constraint if exists "FKypml2k8vm99r3xcu8c9fhbkl"
2024-07-22T05:12:28.716+03:00  WARN 35286 --- [           main] o.h.engine.jdbc.spi.SqlExceptionHelper   : SQL Warning Code: 0, SQLState: 00000
2024-07-22T05:12:28.718+03:00  WARN 35286 --- [           main] o.h.engine.jdbc.spi.SqlExceptionHelper   : constraint "FKypml2k8vm99r3xcu8c9fhbkl" of relation "course_image" does not exist, skipping
Hibernate: 
    alter table if exists "enroll_course" 
       drop constraint if exists "FKgw06bruwr4igweevbam82v2co"
Hibernate: 
    alter table if exists "enroll_course" 
       drop constraint if exists "FKbcyak9ou9ydoqc48xd2cpo7ef"
Hibernate: 
    alter table if exists "favorit" 
       drop constraint if exists "FKa0ug0anfa54h7lmioxraxiu9a"
Hibernate: 
    alter table if exists "favorit" 
       drop constraint if exists "FKs9h3mfxd91icvkv8jpod8v5aw"
Hibernate: 
    alter table if exists "home_work" 
       drop constraint if exists "FKfp68v2lpdwsaeod99mf4sakx3"
Hibernate: 
    alter table if exists "home_work" 
       drop constraint if exists "FKqim38x6wn8p4285pkkjolrkh6"
Hibernate: 
    alter table if exists "image" 
       drop constraint if exists "FK8jrra50k9l02so1gh1r0rvxdm"
Hibernate: 
    alter table if exists "mark" 
       drop constraint if exists "FK4gkv1yqiy59iycj230oqm5lb8"
Hibernate: 
    alter table if exists "mark" 
       drop constraint if exists "FKldelck7ij83ykpyigu1n50ovq"
Hibernate: 
    alter table if exists "message" 
       drop constraint if exists "FK41tr7x7uvs70a6w5rfnbk4d4e"
2024-07-22T05:12:28.809+03:00  WARN 35286 --- [           main] o.h.engine.jdbc.spi.SqlExceptionHelper   : SQL Warning Code: 0, SQLState: 00000
2024-07-22T05:12:28.811+03:00  WARN 35286 --- [           main] o.h.engine.jdbc.spi.SqlExceptionHelper   : relation "message" does not exist, skipping
Hibernate: 
    alter table if exists "message" 
       drop constraint if exists "FK2op594yomeg261726h4dj75jq"
2024-07-22T05:12:28.815+03:00  WARN 35286 --- [           main] o.h.engine.jdbc.spi.SqlExceptionHelper   : SQL Warning Code: 0, SQLState: 00000
2024-07-22T05:12:28.821+03:00  WARN 35286 --- [           main] o.h.engine.jdbc.spi.SqlExceptionHelper   : relation "message" does not exist, skipping
Hibernate: 
    alter table if exists "notification" 
       drop constraint if exists "FK48udxa7826ty0m0sgvpjlvsd8"
Hibernate: 
    alter table if exists "quiz_question" 
       drop constraint if exists "FKe6phbion6kiiolo10kbljipeh"
Hibernate: 
    alter table if exists "quiz_question" 
       drop constraint if exists "FKnqrb35oq2irfxsj10h8q7jeue"
Hibernate: 
    alter table if exists "role_permission" 
       drop constraint if exists "FK28fyyigl7pt1rfdf7o736vxe"
Hibernate: 
    alter table if exists "role_permission" 
       drop constraint if exists "FKp9q4vdsx41116ra1enydewgre"
Hibernate: 
    alter table if exists "token" 
       drop constraint if exists "FKn1okjowqyw7r2nl4hci3kahm6"
Hibernate: 
    alter table if exists "user_chat_room" 
       drop constraint if exists "FKn5egugk1i7ngkl60eqdrortie"
Hibernate: 
    alter table if exists "user_chat_room" 
       drop constraint if exists "FK66gk9wj1prt0itody6dhesqvm"
Hibernate: 
    alter table if exists "user_quiz" 
       drop constraint if exists "FKlwxsneiqbeeodwg3qlo33mn4j"
Hibernate: 
    alter table if exists "user_quiz" 
       drop constraint if exists "FKsya07kx63sb40hs1blb5dgfwo"
Hibernate: 
    alter table if exists "user_quiz_response" 
       drop constraint if exists "FKfylw78nmet2uo619p2ywb4o37"
Hibernate: 
    alter table if exists "user_quiz_response" 
       drop constraint if exists "FKtcur5g3b86e9j8610xfsemkya"
Hibernate: 
    alter table if exists "user_rate" 
       drop constraint if exists "FKmr6i7f2nxdraq5kjd8e02cmg9"
Hibernate: 
    alter table if exists "user_role" 
       drop constraint if exists "FKka3w3atry4amefp94rblb52n7"
Hibernate: 
    alter table if exists "user_role" 
       drop constraint if exists "FKhjx9nk20h4mo745tdqj8t8n9d"
Hibernate: 
    drop table if exists "attendance" cascade
Hibernate: 
    drop table if exists "book" cascade
Hibernate: 
    drop table if exists "chat_room" cascade
Hibernate: 
    drop table if exists "course" cascade
Hibernate: 
    drop table if exists "course_day" cascade
Hibernate: 
    drop table if exists "course_image" cascade
Hibernate: 
    drop table if exists "day" cascade
Hibernate: 
    drop table if exists "enroll_course" cascade
Hibernate: 
    drop table if exists "favorit" cascade
Hibernate: 
    drop table if exists "home_work" cascade
Hibernate: 
    drop table if exists "image" cascade
Hibernate: 
    drop table if exists "mark" cascade
Hibernate: 
    drop table if exists "message" cascade
2024-07-22T05:12:29.103+03:00  WARN 35286 --- [           main] o.h.engine.jdbc.spi.SqlExceptionHelper   : SQL Warning Code: 0, SQLState: 00000
2024-07-22T05:12:29.104+03:00  WARN 35286 --- [           main] o.h.engine.jdbc.spi.SqlExceptionHelper   : table "message" does not exist, skipping
Hibernate: 
    drop table if exists "notification" cascade
Hibernate: 
    drop table if exists "permission" cascade
Hibernate: 
    drop table if exists "placement_test" cascade
Hibernate: 
    drop table if exists "post" cascade
Hibernate: 
    drop table if exists "question" cascade
Hibernate: 
    drop table if exists "quiz" cascade
Hibernate: 
    drop table if exists "quiz_question" cascade
Hibernate: 
    drop table if exists "role" cascade
Hibernate: 
    drop table if exists "role_permission" cascade
Hibernate: 
    drop table if exists "service" cascade
Hibernate: 
    drop table if exists "token" cascade
Hibernate: 
    drop table if exists "user" cascade
Hibernate: 
    drop table if exists "user_chat_room" cascade
Hibernate: 
    drop table if exists "user_quiz" cascade
Hibernate: 
    drop table if exists "user_quiz_response" cascade
Hibernate: 
    drop table if exists "user_rate" cascade
Hibernate: 
    drop table if exists "user_role" cascade
Hibernate: 
    create table "attendance" (
        "course_id" integer,
        "id" serial not null,
        "is_present" boolean not null,
        "user_id" integer,
        "att_date" timestamp(6),
        "qr" varchar(255),
        primary key ("id")
    )
Hibernate: 
    create table "book" (
        "id" serial not null,
        "placement_test_id" integer,
        "user_id" integer,
        "booking_date" timestamp(6),
        primary key ("id")
    )
Hibernate: 
    create table "chat_room" (
        "id" serial not null,
        "user_id" integer,
        "created_at" timestamp(6),
        "name" varchar(255),
        primary key ("id")
    )
Hibernate: 
    create table "course" (
        "discount" integer not null,
        "id" serial not null,
        "is_active" boolean not null,
        "mark" integer unique,
        "num_of_hours" integer not null,
        "num_of_room" integer not null,
        "num_of_sessions" integer not null,
        "price" float(53) not null,
        "progress" float(53) not null,
        "service_id" integer,
        "user_id" integer,
        "start_date" timestamp(6),
        "description" varchar(255),
        "level" varchar(255),
        "title" varchar(255),
        primary key ("id")
    )
Hibernate: 
    create table "course_day" (
        "course_id" integer,
        "course_time" boolean not null,
        "day_id" integer,
        "id" serial not null,
        primary key ("id")
    )
Hibernate: 
    create table "course_image" (
        "course_id" integer,
        "id" serial not null,
        "image_type" smallint check ("image_type" between 0 and 3),
        "post_id" integer,
        "service_id" integer,
        "img_url" varchar(255),
        primary key ("id")
    )
Hibernate: 
    create table "day" (
        "id" serial not null,
        "day" varchar(255),
        primary key ("id")
    )
Hibernate: 
    create table "enroll_course" (
        "course_id" integer,
        "id" serial not null,
        "is_order_certification" boolean not null,
        "rate" float4 not null,
        "user_id" integer,
        "enroll_date" timestamp(6),
        "marks" varchar(255),
        primary key ("id")
    )
Hibernate: 
    create table "favorit" (
        "course_id" integer,
        "id" serial not null,
        "user_id" integer,
        primary key ("id")
    )
Hibernate: 
    create table "home_work" (
        "course_id" integer,
        "id" serial not null,
        "user_id" integer,
        "description" varchar(255),
        "media" varchar(255),
        primary key ("id")
    )
Hibernate: 
    create table "image" (
        "id" serial not null,
        "type" smallint check ("type" between 0 and 1),
        "user_id" integer,
        "crt_name" varchar(255),
        "img_url" varchar(255),
        primary key ("id")
    )
Hibernate: 
    create table "mark" (
        "admin_id" integer,
        "course_id" integer,
        "id" serial not null,
        "date" timestamp(6),
        "file" varchar(255),
        primary key ("id")
    )
Hibernate: 
    create table "message" (
        "chat_room_id" integer,
        "id" serial not null,
        "is_raed" "boolean default false",
        "user_id" integer,
        "date" timestamp(6),
        "content" varchar(255),
        primary key ("id")
    )
2024-07-22T05:12:30.100+03:00  WARN 35286 --- [           main] o.h.t.s.i.ExceptionHandlerLoggedImpl     : GenerationTarget encountered exception accepting command : Error executing DDL "
    create table "message" (
        "chat_room_id" integer,
        "id" serial not null,
        "is_raed" "boolean default false",
        "user_id" integer,
        "date" timestamp(6),
        "content" varchar(255),
        primary key ("id")
    )" via JDBC [ERROR: type "boolean default false" does not exist
  Position: 111]

org.hibernate.tool.schema.spi.CommandAcceptanceException: Error executing DDL "
    create table "message" (
        "chat_room_id" integer,
        "id" serial not null,
        "is_raed" "boolean default false",
        "user_id" integer,
        "date" timestamp(6),
        "content" varchar(255),
        primary key ("id")
    )" via JDBC [ERROR: type "boolean default false" does not exist
  Position: 111]
	at org.hibernate.tool.schema.internal.exec.GenerationTargetToDatabase.accept(GenerationTargetToDatabase.java:94) ~[hibernate-core-6.4.4.Final.jar:6.4.4.Final]
	at org.hibernate.tool.schema.internal.Helper.applySqlString(Helper.java:233) ~[hibernate-core-6.4.4.Final.jar:6.4.4.Final]
	at org.hibernate.tool.schema.internal.Helper.applySqlStrings(Helper.java:217) ~[hibernate-core-6.4.4.Final.jar:6.4.4.Final]
	at org.hibernate.tool.schema.internal.SchemaCreatorImpl.createTables(SchemaCreatorImpl.java:420) ~[hibernate-core-6.4.4.Final.jar:6.4.4.Final]
	at org.hibernate.tool.schema.internal.SchemaCreatorImpl.createSequencesTablesConstraints(SchemaCreatorImpl.java:340) ~[hibernate-core-6.4.4.Final.jar:6.4.4.Final]
	at org.hibernate.tool.schema.internal.SchemaCreatorImpl.createFromMetadata(SchemaCreatorImpl.java:239) ~[hibernate-core-6.4.4.Final.jar:6.4.4.Final]
	at org.hibernate.tool.schema.internal.SchemaCreatorImpl.performCreation(SchemaCreatorImpl.java:172) ~[hibernate-core-6.4.4.Final.jar:6.4.4.Final]
	at org.hibernate.tool.schema.internal.SchemaCreatorImpl.doCreation(SchemaCreatorImpl.java:142) ~[hibernate-core-6.4.4.Final.jar:6.4.4.Final]
	at org.hibernate.tool.schema.internal.SchemaCreatorImpl.doCreation(SchemaCreatorImpl.java:118) ~[hibernate-core-6.4.4.Final.jar:6.4.4.Final]
	at org.hibernate.tool.schema.spi.SchemaManagementToolCoordinator.performDatabaseAction(SchemaManagementToolCoordinator.java:256) ~[hibernate-core-6.4.4.Final.jar:6.4.4.Final]
	at org.hibernate.tool.schema.spi.SchemaManagementToolCoordinator.lambda$process$5(SchemaManagementToolCoordinator.java:145) ~[hibernate-core-6.4.4.Final.jar:6.4.4.Final]
	at java.base/java.util.HashMap.forEach(HashMap.java:1421) ~[na:na]
	at org.hibernate.tool.schema.spi.SchemaManagementToolCoordinator.process(SchemaManagementToolCoordinator.java:142) ~[hibernate-core-6.4.4.Final.jar:6.4.4.Final]
	at org.hibernate.boot.internal.SessionFactoryObserverForSchemaExport.sessionFactoryCreated(SessionFactoryObserverForSchemaExport.java:37) ~[hibernate-core-6.4.4.Final.jar:6.4.4.Final]
	at org.hibernate.internal.SessionFactoryObserverChain.sessionFactoryCreated(SessionFactoryObserverChain.java:35) ~[hibernate-core-6.4.4.Final.jar:6.4.4.Final]
	at org.hibernate.internal.SessionFactoryImpl.<init>(SessionFactoryImpl.java:315) ~[hibernate-core-6.4.4.Final.jar:6.4.4.Final]
	at org.hibernate.boot.internal.SessionFactoryBuilderImpl.build(SessionFactoryBuilderImpl.java:450) ~[hibernate-core-6.4.4.Final.jar:6.4.4.Final]
	at org.hibernate.jpa.boot.internal.EntityManagerFactoryBuilderImpl.build(EntityManagerFactoryBuilderImpl.java:1507) ~[hibernate-core-6.4.4.Final.jar:6.4.4.Final]
	at org.springframework.orm.jpa.vendor.SpringHibernateJpaPersistenceProvider.createContainerEntityManagerFactory(SpringHibernateJpaPersistenceProvider.java:75) ~[spring-orm-6.1.5.jar:6.1.5]
	at org.springframework.orm.jpa.LocalContainerEntityManagerFactoryBean.createNativeEntityManagerFactory(LocalContainerEntityManagerFactoryBean.java:390) ~[spring-orm-6.1.5.jar:6.1.5]
	at org.springframework.orm.jpa.AbstractEntityManagerFactoryBean.buildNativeEntityManagerFactory(AbstractEntityManagerFactoryBean.java:409) ~[spring-orm-6.1.5.jar:6.1.5]
	at org.springframework.orm.jpa.AbstractEntityManagerFactoryBean.afterPropertiesSet(AbstractEntityManagerFactoryBean.java:396) ~[spring-orm-6.1.5.jar:6.1.5]
	at org.springframework.orm.jpa.LocalContainerEntityManagerFactoryBean.afterPropertiesSet(LocalContainerEntityManagerFactoryBean.java:366) ~[spring-orm-6.1.5.jar:6.1.5]
	at org.springframework.beans.factory.support.AbstractAutowireCapableBeanFactory.invokeInitMethods(AbstractAutowireCapableBeanFactory.java:1833) ~[spring-beans-6.1.5.jar:6.1.5]
	at org.springframework.beans.factory.support.AbstractAutowireCapableBeanFactory.initializeBean(AbstractAutowireCapableBeanFactory.java:1782) ~[spring-beans-6.1.5.jar:6.1.5]
	at org.springframework.beans.factory.support.AbstractAutowireCapableBeanFactory.doCreateBean(AbstractAutowireCapableBeanFactory.java:600) ~[spring-beans-6.1.5.jar:6.1.5]
	at org.springframework.beans.factory.support.AbstractAutowireCapableBeanFactory.createBean(AbstractAutowireCapableBeanFactory.java:522) ~[spring-beans-6.1.5.jar:6.1.5]
	at org.springframework.beans.factory.support.AbstractBeanFactory.lambda$doGetBean$0(AbstractBeanFactory.java:326) ~[spring-beans-6.1.5.jar:6.1.5]
	at org.springframework.beans.factory.support.DefaultSingletonBeanRegistry.getSingleton(DefaultSingletonBeanRegistry.java:234) ~[spring-beans-6.1.5.jar:6.1.5]
	at org.springframework.beans.factory.support.AbstractBeanFactory.doGetBean(AbstractBeanFactory.java:324) ~[spring-beans-6.1.5.jar:6.1.5]
	at org.springframework.beans.factory.support.AbstractBeanFactory.getBean(AbstractBeanFactory.java:200) ~[spring-beans-6.1.5.jar:6.1.5]
	at org.springframework.context.support.AbstractApplicationContext.getBean(AbstractApplicationContext.java:1234) ~[spring-context-6.1.5.jar:6.1.5]
	at org.springframework.context.support.AbstractApplicationContext.finishBeanFactoryInitialization(AbstractApplicationContext.java:952) ~[spring-context-6.1.5.jar:6.1.5]
	at org.springframework.context.support.AbstractApplicationContext.refresh(AbstractApplicationContext.java:624) ~[spring-context-6.1.5.jar:6.1.5]
	at org.springframework.boot.SpringApplication.refresh(SpringApplication.java:754) ~[spring-boot-3.2.4.jar:3.2.4]
	at org.springframework.boot.SpringApplication.refreshContext(SpringApplication.java:456) ~[spring-boot-3.2.4.jar:3.2.4]
	at org.springframework.boot.SpringApplication.run(SpringApplication.java:334) ~[spring-boot-3.2.4.jar:3.2.4]
	at org.springframework.boot.test.context.SpringBootContextLoader.lambda$loadContext$3(SpringBootContextLoader.java:137) ~[spring-boot-test-3.2.4.jar:3.2.4]
	at org.springframework.util.function.ThrowingSupplier.get(ThrowingSupplier.java:58) ~[spring-core-6.1.5.jar:6.1.5]
	at org.springframework.util.function.ThrowingSupplier.get(ThrowingSupplier.java:46) ~[spring-core-6.1.5.jar:6.1.5]
	at org.springframework.boot.SpringApplication.withHook(SpringApplication.java:1454) ~[spring-boot-3.2.4.jar:3.2.4]
	at org.springframework.boot.test.context.SpringBootContextLoader$ContextLoaderHook.run(SpringBootContextLoader.java:553) ~[spring-boot-test-3.2.4.jar:3.2.4]
	at org.springframework.boot.test.context.SpringBootContextLoader.loadContext(SpringBootContextLoader.java:137) ~[spring-boot-test-3.2.4.jar:3.2.4]
	at org.springframework.boot.test.context.SpringBootContextLoader.loadContext(SpringBootContextLoader.java:108) ~[spring-boot-test-3.2.4.jar:3.2.4]
	at org.springframework.test.context.cache.DefaultCacheAwareContextLoaderDelegate.loadContextInternal(DefaultCacheAwareContextLoaderDelegate.java:225) ~[spring-test-6.1.5.jar:6.1.5]
	at org.springframework.test.context.cache.DefaultCacheAwareContextLoaderDelegate.loadContext(DefaultCacheAwareContextLoaderDelegate.java:152) ~[spring-test-6.1.5.jar:6.1.5]
	at org.springframework.test.context.support.DefaultTestContext.getApplicationContext(DefaultTestContext.java:130) ~[spring-test-6.1.5.jar:6.1.5]
	at org.springframework.test.context.web.ServletTestExecutionListener.setUpRequestContextIfNecessary(ServletTestExecutionListener.java:191) ~[spring-test-6.1.5.jar:6.1.5]
	at org.springframework.test.context.web.ServletTestExecutionListener.prepareTestInstance(ServletTestExecutionListener.java:130) ~[spring-test-6.1.5.jar:6.1.5]
	at org.springframework.test.context.TestContextManager.prepareTestInstance(TestContextManager.java:260) ~[spring-test-6.1.5.jar:6.1.5]
	at org.springframework.test.context.junit.jupiter.SpringExtension.postProcessTestInstance(SpringExtension.java:163) ~[spring-test-6.1.5.jar:6.1.5]
	at org.junit.jupiter.engine.descriptor.ClassBasedTestDescriptor.lambda$invokeTestInstancePostProcessors$10(ClassBasedTestDescriptor.java:378) ~[junit-jupiter-engine-5.10.2.jar:5.10.2]
	at org.junit.jupiter.engine.descriptor.ClassBasedTestDescriptor.executeAndMaskThrowable(ClassBasedTestDescriptor.java:383) ~[junit-jupiter-engine-5.10.2.jar:5.10.2]
	at org.junit.jupiter.engine.descriptor.ClassBasedTestDescriptor.lambda$invokeTestInstancePostProcessors$11(ClassBasedTestDescriptor.java:378) ~[junit-jupiter-engine-5.10.2.jar:5.10.2]
	at java.base/java.util.stream.ReferencePipeline$3$1.accept(ReferencePipeline.java:197) ~[na:na]
	at java.base/java.util.stream.ReferencePipeline$2$1.accept(ReferencePipeline.java:179) ~[na:na]
	at java.base/java.util.ArrayList$ArrayListSpliterator.forEachRemaining(ArrayList.java:1625) ~[na:na]
	at java.base/java.util.stream.AbstractPipeline.copyInto(AbstractPipeline.java:509) ~[na:na]
	at java.base/java.util.stream.AbstractPipeline.wrapAndCopyInto(AbstractPipeline.java:499) ~[na:na]
	at java.base/java.util.stream.StreamSpliterators$WrappingSpliterator.forEachRemaining(StreamSpliterators.java:310) ~[na:na]
	at java.base/java.util.stream.Streams$ConcatSpliterator.forEachRemaining(Streams.java:735) ~[na:na]
	at java.base/java.util.stream.Streams$ConcatSpliterator.forEachRemaining(Streams.java:734) ~[na:na]
	at java.base/java.util.stream.ReferencePipeline$Head.forEach(ReferencePipeline.java:762) ~[na:na]
	at org.junit.jupiter.engine.descriptor.ClassBasedTestDescriptor.invokeTestInstancePostProcessors(ClassBasedTestDescriptor.java:377) ~[junit-jupiter-engine-5.10.2.jar:5.10.2]
	at org.junit.jupiter.engine.descriptor.ClassBasedTestDescriptor.lambda$instantiateAndPostProcessTestInstance$6(ClassBasedTestDescriptor.java:290) ~[junit-jupiter-engine-5.10.2.jar:5.10.2]
	at org.junit.platform.engine.support.hierarchical.ThrowableCollector.execute(ThrowableCollector.java:73) ~[junit-platform-engine-1.10.2.jar:1.10.2]
	at org.junit.jupiter.engine.descriptor.ClassBasedTestDescriptor.instantiateAndPostProcessTestInstance(ClassBasedTestDescriptor.java:289) ~[junit-jupiter-engine-5.10.2.jar:5.10.2]
	at org.junit.jupiter.engine.descriptor.ClassBasedTestDescriptor.lambda$testInstancesProvider$4(ClassBasedTestDescriptor.java:279) ~[junit-jupiter-engine-5.10.2.jar:5.10.2]
	at java.base/java.util.Optional.orElseGet(Optional.java:364) ~[na:na]
	at org.junit.jupiter.engine.descriptor.ClassBasedTestDescriptor.lambda$testInstancesProvider$5(ClassBasedTestDescriptor.java:278) ~[junit-jupiter-engine-5.10.2.jar:5.10.2]
	at org.junit.jupiter.engine.execution.TestInstancesProvider.getTestInstances(TestInstancesProvider.java:31) ~[junit-jupiter-engine-5.10.2.jar:5.10.2]
	at org.junit.jupiter.engine.descriptor.TestMethodTestDescriptor.lambda$prepare$0(TestMethodTestDescriptor.java:106) ~[junit-jupiter-engine-5.10.2.jar:5.10.2]
	at org.junit.platform.engine.support.hierarchical.ThrowableCollector.execute(ThrowableCollector.java:73) ~[junit-platform-engine-1.10.2.jar:1.10.2]
	at org.junit.jupiter.engine.descriptor.TestMethodTestDescriptor.prepare(TestMethodTestDescriptor.java:105) ~[junit-jupiter-engine-5.10.2.jar:5.10.2]
	at org.junit.jupiter.engine.descriptor.TestMethodTestDescriptor.prepare(TestMethodTestDescriptor.java:69) ~[junit-jupiter-engine-5.10.2.jar:5.10.2]
	at org.junit.platform.engine.support.hierarchical.NodeTestTask.lambda$prepare$2(NodeTestTask.java:123) ~[junit-platform-engine-1.10.2.jar:1.10.2]
	at org.junit.platform.engine.support.hierarchical.ThrowableCollector.execute(ThrowableCollector.java:73) ~[junit-platform-engine-1.10.2.jar:1.10.2]
	at org.junit.platform.engine.support.hierarchical.NodeTestTask.prepare(NodeTestTask.java:123) ~[junit-platform-engine-1.10.2.jar:1.10.2]
	at org.junit.platform.engine.support.hierarchical.NodeTestTask.execute(NodeTestTask.java:90) ~[junit-platform-engine-1.10.2.jar:1.10.2]
	at java.base/java.util.ArrayList.forEach(ArrayList.java:1511) ~[na:na]
	at org.junit.platform.engine.support.hierarchical.SameThreadHierarchicalTestExecutorService.invokeAll(SameThreadHierarchicalTestExecutorService.java:41) ~[junit-platform-engine-1.10.2.jar:1.10.2]
	at org.junit.platform.engine.support.hierarchical.NodeTestTask.lambda$executeRecursively$6(NodeTestTask.java:155) ~[junit-platform-engine-1.10.2.jar:1.10.2]
	at org.junit.platform.engine.support.hierarchical.ThrowableCollector.execute(ThrowableCollector.java:73) ~[junit-platform-engine-1.10.2.jar:1.10.2]
	at org.junit.platform.engine.support.hierarchical.NodeTestTask.lambda$executeRecursively$8(NodeTestTask.java:141) ~[junit-platform-engine-1.10.2.jar:1.10.2]
	at org.junit.platform.engine.support.hierarchical.Node.around(Node.java:137) ~[junit-platform-engine-1.10.2.jar:1.10.2]
	at org.junit.platform.engine.support.hierarchical.NodeTestTask.lambda$executeRecursively$9(NodeTestTask.java:139) ~[junit-platform-engine-1.10.2.jar:1.10.2]
	at org.junit.platform.engine.support.hierarchical.ThrowableCollector.execute(ThrowableCollector.java:73) ~[junit-platform-engine-1.10.2.jar:1.10.2]
	at org.junit.platform.engine.support.hierarchical.NodeTestTask.executeRecursively(NodeTestTask.java:138) ~[junit-platform-engine-1.10.2.jar:1.10.2]
	at org.junit.platform.engine.support.hierarchical.NodeTestTask.execute(NodeTestTask.java:95) ~[junit-platform-engine-1.10.2.jar:1.10.2]
	at java.base/java.util.ArrayList.forEach(ArrayList.java:1511) ~[na:na]
	at org.junit.platform.engine.support.hierarchical.SameThreadHierarchicalTestExecutorService.invokeAll(SameThreadHierarchicalTestExecutorService.java:41) ~[junit-platform-engine-1.10.2.jar:1.10.2]
	at org.junit.platform.engine.support.hierarchical.NodeTestTask.lambda$executeRecursively$6(NodeTestTask.java:155) ~[junit-platform-engine-1.10.2.jar:1.10.2]
	at org.junit.platform.engine.support.hierarchical.ThrowableCollector.execute(ThrowableCollector.java:73) ~[junit-platform-engine-1.10.2.jar:1.10.2]
	at org.junit.platform.engine.support.hierarchical.NodeTestTask.lambda$executeRecursively$8(NodeTestTask.java:141) ~[junit-platform-engine-1.10.2.jar:1.10.2]
	at org.junit.platform.engine.support.hierarchical.Node.around(Node.java:137) ~[junit-platform-engine-1.10.2.jar:1.10.2]
	at org.junit.platform.engine.support.hierarchical.NodeTestTask.lambda$executeRecursively$9(NodeTestTask.java:139) ~[junit-platform-engine-1.10.2.jar:1.10.2]
	at org.junit.platform.engine.support.hierarchical.ThrowableCollector.execute(ThrowableCollector.java:73) ~[junit-platform-engine-1.10.2.jar:1.10.2]
	at org.junit.platform.engine.support.hierarchical.NodeTestTask.executeRecursively(NodeTestTask.java:138) ~[junit-platform-engine-1.10.2.jar:1.10.2]
	at org.junit.platform.engine.support.hierarchical.NodeTestTask.execute(NodeTestTask.java:95) ~[junit-platform-engine-1.10.2.jar:1.10.2]
	at org.junit.platform.engine.support.hierarchical.SameThreadHierarchicalTestExecutorService.submit(SameThreadHierarchicalTestExecutorService.java:35) ~[junit-platform-engine-1.10.2.jar:1.10.2]
	at org.junit.platform.engine.support.hierarchical.HierarchicalTestExecutor.execute(HierarchicalTestExecutor.java:57) ~[junit-platform-engine-1.10.2.jar:1.10.2]
	at org.junit.platform.engine.support.hierarchical.HierarchicalTestEngine.execute(HierarchicalTestEngine.java:54) ~[junit-platform-engine-1.10.2.jar:1.10.2]
	at org.junit.platform.launcher.core.EngineExecutionOrchestrator.execute(EngineExecutionOrchestrator.java:198) ~[junit-platform-launcher-1.10.2.jar:1.10.2]
	at org.junit.platform.launcher.core.EngineExecutionOrchestrator.execute(EngineExecutionOrchestrator.java:169) ~[junit-platform-launcher-1.10.2.jar:1.10.2]
	at org.junit.platform.launcher.core.EngineExecutionOrchestrator.execute(EngineExecutionOrchestrator.java:93) ~[junit-platform-launcher-1.10.2.jar:1.10.2]
	at org.junit.platform.launcher.core.EngineExecutionOrchestrator.lambda$execute$0(EngineExecutionOrchestrator.java:58) ~[junit-platform-launcher-1.10.2.jar:1.10.2]
	at org.junit.platform.launcher.core.EngineExecutionOrchestrator.withInterceptedStreams(EngineExecutionOrchestrator.java:141) ~[junit-platform-launcher-1.10.2.jar:1.10.2]
	at org.junit.platform.launcher.core.EngineExecutionOrchestrator.execute(EngineExecutionOrchestrator.java:57) ~[junit-platform-launcher-1.10.2.jar:1.10.2]
	at org.junit.platform.launcher.core.DefaultLauncher.execute(DefaultLauncher.java:103) ~[junit-platform-launcher-1.10.2.jar:1.10.2]
	at org.junit.platform.launcher.core.DefaultLauncher.execute(DefaultLauncher.java:85) ~[junit-platform-launcher-1.10.2.jar:1.10.2]
	at org.junit.platform.launcher.core.DelegatingLauncher.execute(DelegatingLauncher.java:47) ~[junit-platform-launcher-1.10.2.jar:1.10.2]
	at org.apache.maven.surefire.junitplatform.LazyLauncher.execute(LazyLauncher.java:56) ~[surefire-junit-platform-3.1.2.jar:3.1.2]
	at org.apache.maven.surefire.junitplatform.JUnitPlatformProvider.execute(JUnitPlatformProvider.java:184) ~[surefire-junit-platform-3.1.2.jar:3.1.2]
	at org.apache.maven.surefire.junitplatform.JUnitPlatformProvider.invokeAllTests(JUnitPlatformProvider.java:148) ~[surefire-junit-platform-3.1.2.jar:3.1.2]
	at org.apache.maven.surefire.junitplatform.JUnitPlatformProvider.invoke(JUnitPlatformProvider.java:122) ~[surefire-junit-platform-3.1.2.jar:3.1.2]
	at org.apache.maven.surefire.booter.ForkedBooter.runSuitesInProcess(ForkedBooter.java:385) ~[surefire-booter-3.1.2.jar:3.1.2]
	at org.apache.maven.surefire.booter.ForkedBooter.execute(ForkedBooter.java:162) ~[surefire-booter-3.1.2.jar:3.1.2]
	at org.apache.maven.surefire.booter.ForkedBooter.run(ForkedBooter.java:507) ~[surefire-booter-3.1.2.jar:3.1.2]
	at org.apache.maven.surefire.booter.ForkedBooter.main(ForkedBooter.java:495) ~[surefire-booter-3.1.2.jar:3.1.2]
Caused by: org.postgresql.util.PSQLException: ERROR: type "boolean default false" does not exist
  Position: 111
	at org.postgresql.core.v3.QueryExecutorImpl.receiveErrorResponse(QueryExecutorImpl.java:2713) ~[postgresql-42.6.2.jar:42.6.2]
	at org.postgresql.core.v3.QueryExecutorImpl.processResults(QueryExecutorImpl.java:2401) ~[postgresql-42.6.2.jar:42.6.2]
	at org.postgresql.core.v3.QueryExecutorImpl.execute(QueryExecutorImpl.java:368) ~[postgresql-42.6.2.jar:42.6.2]
	at org.postgresql.jdbc.PgStatement.executeInternal(PgStatement.java:498) ~[postgresql-42.6.2.jar:42.6.2]
	at org.postgresql.jdbc.PgStatement.execute(PgStatement.java:415) ~[postgresql-42.6.2.jar:42.6.2]
	at org.postgresql.jdbc.PgStatement.executeWithFlags(PgStatement.java:335) ~[postgresql-42.6.2.jar:42.6.2]
	at org.postgresql.jdbc.PgStatement.executeCachedSql(PgStatement.java:321) ~[postgresql-42.6.2.jar:42.6.2]
	at org.postgresql.jdbc.PgStatement.executeWithFlags(PgStatement.java:297) ~[postgresql-42.6.2.jar:42.6.2]
	at org.postgresql.jdbc.PgStatement.execute(PgStatement.java:292) ~[postgresql-42.6.2.jar:42.6.2]
	at com.zaxxer.hikari.pool.ProxyStatement.execute(ProxyStatement.java:94) ~[HikariCP-5.0.1.jar:na]
	at com.zaxxer.hikari.pool.HikariProxyStatement.execute(HikariProxyStatement.java) ~[HikariCP-5.0.1.jar:na]
	at org.hibernate.tool.schema.internal.exec.GenerationTargetToDatabase.accept(GenerationTargetToDatabase.java:80) ~[hibernate-core-6.4.4.Final.jar:6.4.4.Final]
	... 118 common frames omitted

Hibernate: 
    create table "notification" (
        "id" serial not null,
        "user_id" integer,
        "notification_date" timestamp(6),
        "notification" varchar(255),
        primary key ("id")
    )
Hibernate: 
    create table "permission" (
        "id" serial not null,
        "description" varchar(255),
        primary key ("id")
    )
Hibernate: 
    create table "placement_test" (
        "id" serial not null,
        "max_num" integer not null,
        "date" timestamp(6),
        "language" varchar(255),
        primary key ("id")
    )
Hibernate: 
    create table "post" (
        "id" serial not null,
        "type" smallint check ("type" between 0 and 1),
        "created_at" timestamp(6),
        "content" varchar(255),
        "title" varchar(255),
        primary key ("id")
    )
Hibernate: 
    create table "question" (
        "id" serial not null,
        "correct_answer" varchar(255),
        "options" varchar(255),
        "question_text" varchar(255),
        primary key ("id")
    )
Hibernate: 
    create table "quiz" (
        "id" serial not null,
        "created_at" timestamp(6),
        "description" varchar(255),
        "title" varchar(255),
        primary key ("id")
    )
Hibernate: 
    create table "quiz_question" (
        "id" serial not null,
        "question_id" integer,
        "quiz_id" integer,
        primary key ("id")
    )
Hibernate: 
    create table "role" (
        "id" serial not null,
        "role" smallint check ("role" between 0 and 4),
        primary key ("id")
    )
Hibernate: 
    create table "role_permission" (
        "id" serial not null,
        "permission_id" integer,
        "role_id" integer,
        primary key ("id")
    )
Hibernate: 
    create table "service" (
        "id" serial not null,
        "name" varchar(255),
        primary key ("id")
    )
Hibernate: 
    create table "token" (
        "id" serial not null,
        "user_id" integer,
        "exp_date" timestamp(6),
        "token" varchar(255),
        primary key ("id")
    )
Hibernate: 
    create table "user" (
        "account_type" smallint check ("account_type" between 0 and 4),
        "date_of_birth" date,
        "gender" smallint check ("gender" between 0 and 1),
        "id" serial not null,
        "is_active" boolean not null,
        "bio" varchar(255),
        "education" varchar(255),
        "email" varchar(255) unique,
        "first_name" varchar(255) not null,
        "last_name" varchar(255) not null,
        "password" varchar(255),
        "phone_number" varchar(255) unique,
        primary key ("id")
    )
Hibernate: 
    create table "user_chat_room" (
        "chat_room_id" integer,
        "id" serial not null,
        "user_id" integer,
        primary key ("id")
    )
Hibernate: 
    create table "user_quiz" (
        "id" serial not null,
        "quiz_id" integer,
        "user_id" integer,
        "assigned_at" timestamp(6),
        primary key ("id")
    )
Hibernate: 
    create table "user_quiz_response" (
        "id" serial not null,
        "is_correct" boolean not null,
        "question_id" integer,
        "user_quiz_id" integer,
        "user_answer" varchar(255),
        primary key ("id")
    )
Hibernate: 
    create table "user_rate" (
        "count_rate" integer not null,
        "count_sum" float4 not null,
        "id" serial not null,
        "user_id" integer,
        "date" timestamp(6),
        primary key ("id")
    )
Hibernate: 
    create table "user_role" (
        "id" serial not null,
        "role_id" integer,
        "user_id" integer,
        primary key ("id")
    )
Hibernate: 
    alter table if exists "attendance" 
       add constraint "FKp3e8hxuc074mt2i945v6kd7lf" 
       foreign key ("course_id") 
       references "course"
Hibernate: 
    alter table if exists "attendance" 
       add constraint "FKba3bs1euif759ljcahb1lw4bg" 
       foreign key ("user_id") 
       references "user"
Hibernate: 
    alter table if exists "book" 
       add constraint "FKtrnhwvw6bkh0gtbeuj91yxr99" 
       foreign key ("placement_test_id") 
       references "placement_test"
Hibernate: 
    alter table if exists "book" 
       add constraint "FK2kieyupfwmkxkegbu2na36jhj" 
       foreign key ("user_id") 
       references "user"
Hibernate: 
    alter table if exists "chat_room" 
       add constraint "FKgucur5uc43xyeq87rwmklbs2d" 
       foreign key ("user_id") 
       references "user"
Hibernate: 
    alter table if exists "course" 
       add constraint "FKopkavo0ipa5t7nas1eajxo0ot" 
       foreign key ("mark") 
       references "mark"
Hibernate: 
    alter table if exists "course" 
       add constraint "FK3byip5akg5wmdwmvi5jlsvk4c" 
       foreign key ("service_id") 
       references "service"
Hibernate: 
    alter table if exists "course" 
       add constraint "FK8x36opxbau9pj2ecrfsw5vafh" 
       foreign key ("user_id") 
       references "user"
Hibernate: 
    alter table if exists "course_day" 
       add constraint "FKrwe7u77mxva06jx316lwgsbv9" 
       foreign key ("course_id") 
       references "course"
Hibernate: 
    alter table if exists "course_day" 
       add constraint "FKqeit4j837dmnjoi2aod571k8d" 
       foreign key ("day_id") 
       references "day"
Hibernate: 
    alter table if exists "course_image" 
       add constraint "FKt23rrjuk1p1o7qnmsx4v68p8" 
       foreign key ("course_id") 
       references "course"
Hibernate: 
    alter table if exists "course_image" 
       add constraint "FKs0hh9l65p763xgw2j6ukbm6ah" 
       foreign key ("post_id") 
       references "post"
Hibernate: 
    alter table if exists "course_image" 
       add constraint "FKypml2k8vm99r3xcu8c9fhbkl" 
       foreign key ("service_id") 
       references "service"
Hibernate: 
    alter table if exists "enroll_course" 
       add constraint "FKgw06bruwr4igweevbam82v2co" 
       foreign key ("course_id") 
       references "course"
Hibernate: 
    alter table if exists "enroll_course" 
       add constraint "FKbcyak9ou9ydoqc48xd2cpo7ef" 
       foreign key ("user_id") 
       references "user"
Hibernate: 
    alter table if exists "favorit" 
       add constraint "FKa0ug0anfa54h7lmioxraxiu9a" 
       foreign key ("course_id") 
       references "course"
Hibernate: 
    alter table if exists "favorit" 
       add constraint "FKs9h3mfxd91icvkv8jpod8v5aw" 
       foreign key ("user_id") 
       references "user"
Hibernate: 
    alter table if exists "home_work" 
       add constraint "FKfp68v2lpdwsaeod99mf4sakx3" 
       foreign key ("course_id") 
       references "course"
Hibernate: 
    alter table if exists "home_work" 
       add constraint "FKqim38x6wn8p4285pkkjolrkh6" 
       foreign key ("user_id") 
       references "user"
Hibernate: 
    alter table if exists "image" 
       add constraint "FK8jrra50k9l02so1gh1r0rvxdm" 
       foreign key ("user_id") 
       references "user"
Hibernate: 
    alter table if exists "mark" 
       add constraint "FK4gkv1yqiy59iycj230oqm5lb8" 
       foreign key ("course_id") 
       references "course"
Hibernate: 
    alter table if exists "mark" 
       add constraint "FKldelck7ij83ykpyigu1n50ovq" 
       foreign key ("admin_id") 
       references "user"
Hibernate: 
    alter table if exists "message" 
       add constraint "FK41tr7x7uvs70a6w5rfnbk4d4e" 
       foreign key ("chat_room_id") 
       references "chat_room"
2024-07-22T05:12:30.928+03:00  WARN 35286 --- [           main] o.h.engine.jdbc.spi.SqlExceptionHelper   : SQL Warning Code: 0, SQLState: 00000
2024-07-22T05:12:30.933+03:00  WARN 35286 --- [           main] o.h.engine.jdbc.spi.SqlExceptionHelper   : relation "message" does not exist, skipping
Hibernate: 
    alter table if exists "message" 
       add constraint "FK2op594yomeg261726h4dj75jq" 
       foreign key ("user_id") 
       references "user"
2024-07-22T05:12:30.939+03:00  WARN 35286 --- [           main] o.h.engine.jdbc.spi.SqlExceptionHelper   : SQL Warning Code: 0, SQLState: 00000
2024-07-22T05:12:30.941+03:00  WARN 35286 --- [           main] o.h.engine.jdbc.spi.SqlExceptionHelper   : relation "message" does not exist, skipping
Hibernate: 
    alter table if exists "notification" 
       add constraint "FK48udxa7826ty0m0sgvpjlvsd8" 
       foreign key ("user_id") 
       references "user"
Hibernate: 
    alter table if exists "quiz_question" 
       add constraint "FKe6phbion6kiiolo10kbljipeh" 
       foreign key ("question_id") 
       references "question"
Hibernate: 
    alter table if exists "quiz_question" 
       add constraint "FKnqrb35oq2irfxsj10h8q7jeue" 
       foreign key ("quiz_id") 
       references "quiz"
Hibernate: 
    alter table if exists "role_permission" 
       add constraint "FK28fyyigl7pt1rfdf7o736vxe" 
       foreign key ("permission_id") 
       references "permission"
Hibernate: 
    alter table if exists "role_permission" 
       add constraint "FKp9q4vdsx41116ra1enydewgre" 
       foreign key ("role_id") 
       references "role"
Hibernate: 
    alter table if exists "token" 
       add constraint "FKn1okjowqyw7r2nl4hci3kahm6" 
       foreign key ("user_id") 
       references "user"
Hibernate: 
    alter table if exists "user_chat_room" 
       add constraint "FKn5egugk1i7ngkl60eqdrortie" 
       foreign key ("chat_room_id") 
       references "chat_room"
Hibernate: 
    alter table if exists "user_chat_room" 
       add constraint "FK66gk9wj1prt0itody6dhesqvm" 
       foreign key ("user_id") 
       references "user"
Hibernate: 
    alter table if exists "user_quiz" 
       add constraint "FKlwxsneiqbeeodwg3qlo33mn4j" 
       foreign key ("quiz_id") 
       references "quiz"
Hibernate: 
    alter table if exists "user_quiz" 
       add constraint "FKsya07kx63sb40hs1blb5dgfwo" 
       foreign key ("user_id") 
       references "user"
Hibernate: 
    alter table if exists "user_quiz_response" 
       add constraint "FKfylw78nmet2uo619p2ywb4o37" 
       foreign key ("question_id") 
       references "question"
Hibernate: 
    alter table if exists "user_quiz_response" 
       add constraint "FKtcur5g3b86e9j8610xfsemkya" 
       foreign key ("user_quiz_id") 
       references "user_quiz"
Hibernate: 
    alter table if exists "user_rate" 
       add constraint "FKmr6i7f2nxdraq5kjd8e02cmg9" 
       foreign key ("user_id") 
       references "user"
Hibernate: 
    alter table if exists "user_role" 
       add constraint "FKka3w3atry4amefp94rblb52n7" 
       foreign key ("role_id") 
       references "role"
Hibernate: 
    alter table if exists "user_role" 
       add constraint "FKhjx9nk20h4mo745tdqj8t8n9d" 
       foreign key ("user_id") 
       references "user"
2024-07-22T05:12:31.157+03:00  INFO 35286 --- [           main] j.LocalContainerEntityManagerFactoryBean : Initialized JPA EntityManagerFactory for persistence unit 'default'
2024-07-22T05:12:34.458+03:00  INFO 35286 --- [           main] o.s.d.j.r.query.QueryEnhancerFactory     : Hibernate is in classpath; If applicable, HQL parser will be used.
2024-07-22T05:12:39.908+03:00  WARN 35286 --- [           main] JpaBaseConfiguration$JpaWebConfiguration : spring.jpa.open-in-view is enabled by default. Therefore, database queries may be performed during view rendering. Explicitly configure spring.jpa.open-in-view to disable this warning
2024-07-22T05:12:40.125+03:00  WARN 35286 --- [           main] .s.s.UserDetailsServiceAutoConfiguration : 

Using generated security password: b1e8298b-c869-46a4-854a-5aaa1ea79580

This generated password is for development use only. Your security configuration must be updated before running your application in production.

2024-07-22T05:12:42.217+03:00  INFO 35286 --- [           main] o.s.s.web.DefaultSecurityFilterChain     : Will secure any request with [org.springframework.security.web.session.DisableEncodeUrlFilter@6ea48ca1, org.springframework.security.web.context.request.async.WebAsyncManagerIntegrationFilter@ceb4f91, org.springframework.security.web.context.SecurityContextHolderFilter@2fb3c642, org.springframework.security.web.header.HeaderWriterFilter@321d39cc, org.springframework.web.filter.CorsFilter@52d04234, org.springframework.security.web.authentication.logout.LogoutFilter@1132c14, Geeks.languagecenterapp.Security.JWTRequestFilter@50a1c2f3, org.springframework.security.web.savedrequest.RequestCacheAwareFilter@2b009051, org.springframework.security.web.servletapi.SecurityContextHolderAwareRequestFilter@35645453, org.springframework.security.web.authentication.AnonymousAuthenticationFilter@75f5293c, org.springframework.security.web.access.ExceptionTranslationFilter@1380a19b, org.springframework.security.web.access.intercept.AuthorizationFilter@4cf5db07]
2024-07-22T05:12:45.262+03:00  INFO 35286 --- [           main] G.l.LanguageCenterAppApplicationTests    : Started LanguageCenterAppApplicationTests in 40.492 seconds (process running for 47.129)
]]></system-out>
  </testcase>
</testsuite>